LEVEL[INFO] thread[1404143] name[main] err: message: ADDR = 0.0.0.0 PORT = 8080 THREAD_NUM = 8 IS_ASYNC_LOGGER = 1 LOG_FILE = server.log
LEVEL[INFO] thread[1404143] name[Acceptor::Create] err: message: create socket succ
LEVEL[INFO] thread[1404145] name[LoggerInner::StartAasync] err: message: async thread running
LEVEL[INFO] thread[1404143] name[Acceptor::Bind] err: message: bind socket succ
LEVEL[INFO] thread[1404143] name[Acceptor::Listen] err: message: listen socket succ
LEVEL[INFO] thread[1404143] name[Server::Start] err: message: server starting
LEVEL[INFO] thread[1404143] name[EventLoopThreadPool::Start] err: message: thread pool starting...
LEVEL[INFO] thread[1404146] name[EventLoopThread::ThreadRunFunc] err: message: Event Loop Thead[1404146] starting...
LEVEL[INFO] thread[1404146] name[EventLoopThread::ThreadRunFunc] err: message: Event Loop Thead[1404146] starting...Event Loop Thead[1404146] start succ
LEVEL[INFO] thread[1404147] name[EventLoopThread::ThreadRunFunc] err: message: Event Loop Thead[1404147] starting...
LEVEL[INFO] thread[1404147] name[EventLoopThread::ThreadRunFunc] err: message: Event Loop Thead[1404147] starting...Event Loop Thead[1404147] start succ
LEVEL[INFO] thread[1404148] name[EventLoopThread::ThreadRunFunc] err: message: Event Loop Thead[1404148] starting...
LEVEL[INFO] thread[1404148] name[EventLoopThread::ThreadRunFunc] err: message: Event Loop Thead[1404148] starting...Event Loop Thead[1404148] start succ
LEVEL[INFO] thread[1404149] name[EventLoopThread::ThreadRunFunc] err: message: Event Loop Thead[1404149] starting...
LEVEL[INFO] thread[1404149] name[EventLoopThread::ThreadRunFunc] err: message: Event Loop Thead[1404149] starting...Event Loop Thead[1404149] start succ
LEVEL[INFO] thread[1404150] name[EventLoopThread::ThreadRunFunc] err: message: Event Loop Thead[1404150] starting...
LEVEL[INFO] thread[1404150] name[EventLoopThread::ThreadRunFunc] err: message: Event Loop Thead[1404150] starting...Event Loop Thead[1404150] start succ
LEVEL[INFO] thread[1404151] name[EventLoopThread::ThreadRunFunc] err: message: Event Loop Thead[1404151] starting...
LEVEL[INFO] thread[1404151] name[EventLoopThread::ThreadRunFunc] err: message: Event Loop Thead[1404151] starting...Event Loop Thead[1404151] start succ
LEVEL[INFO] thread[1404152] name[EventLoopThread::ThreadRunFunc] err: message: Event Loop Thead[1404152] starting...
LEVEL[INFO] thread[1404152] name[EventLoopThread::ThreadRunFunc] err: message: Event Loop Thead[1404152] starting...Event Loop Thead[1404152] start succ
LEVEL[INFO] thread[1404153] name[EventLoopThread::ThreadRunFunc] err: message: Event Loop Thead[1404153] starting...
LEVEL[INFO] thread[1404153] name[EventLoopThread::ThreadRunFunc] err: message: Event Loop Thead[1404153] starting...Event Loop Thead[1404153] start succ
LEVEL[INFO] thread[1404143] name[EventLoopThreadPool::Start] err: message: thread pooling start succ
LEVEL[INFO] thread[1404143] name[Server::Start] err: message: server start succ, main_reactor running
